This is pdfTeX, Version 3.14159265-2.6-1.40.20 (MiKTeX 2.9.7250 64-bit) (preloaded format=latex 2020.11.30)  1 DEC 2020 10:20
entering extended mode
**./media/Tex/0bce26208ea7cbd0.tex
(media/Tex/0bce26208ea7cbd0.tex
LaTeX2e <2019-10-01> patch level 3

("C:\Users\henrln14\AppData\Local\Programs\MiKTeX 2.9\tex/latex/standalone\stan
dalone.cls"
Document Class: standalone 2018/03/26 v1.3a Class to compile TeX sub-files stan
dalone

("C:\Users\henrln14\AppData\Local\Programs\MiKTeX 2.9\tex/latex/tools\shellesc.
sty"
Package: shellesc 2019/11/08 v1.0c unified shell escape interface for LaTeX
Package shellesc Info: Restricted shell escape enabled on input line 77.
)
("C:\Users\henrln14\AppData\Local\Programs\MiKTeX 2.9\tex/generic/iftex\ifluate
x.sty"
Package: ifluatex 2019/10/25 v1.5 ifluatex legacy package. Use iftex instead.

("C:\Users\henrln14\AppData\Local\Programs\MiKTeX 2.9\tex/generic/iftex\iftex.s
ty"
Package: iftex 2019/11/07 v1.0c TeX engine tests
))
("C:\Users\henrln14\AppData\Local\Programs\MiKTeX 2.9\tex/latex/xkeyval\xkeyval
.sty"
Package: xkeyval 2014/12/03 v2.7a package option processing (HA)

("C:\Users\henrln14\AppData\Local\Programs\MiKTeX 2.9\tex/generic/xkeyval\xkeyv
al.tex"
("C:\Users\henrln14\AppData\Local\Programs\MiKTeX 2.9\tex/generic/xkeyval\xkvut
ils.tex"
\XKV@toks=\toks14
\XKV@tempa@toks=\toks15

("C:\Users\henrln14\AppData\Local\Programs\MiKTeX 2.9\tex/generic/xkeyval\keyva
l.tex"))
\XKV@depth=\count80
File: xkeyval.tex 2014/12/03 v2.7a key=value parser (HA)
))
\sa@internal=\count81
\c@sapage=\count82

("C:\Users\henrln14\AppData\Local\Programs\MiKTeX 2.9\tex/latex/standalone\stan
dalone.cfg"
File: standalone.cfg 2018/03/26 v1.3a Default configuration file for 'standalon
e' class
)
("C:\Users\henrln14\AppData\Local\Programs\MiKTeX 2.9\tex/latex/base\article.cl
s"
Document Class: article 2019/10/25 v1.4k Standard LaTeX document class
("C:\Users\henrln14\AppData\Local\Programs\MiKTeX 2.9\tex/latex/base\size10.clo
"
File: size10.clo 2019/10/25 v1.4k Standard LaTeX file (size option)
)
\c@part=\count83
\c@section=\count84
\c@subsection=\count85
\c@subsubsection=\count86
\c@paragraph=\count87
\c@subparagraph=\count88
\c@figure=\count89
\c@table=\count90
\abovecaptionskip=\skip41
\belowcaptionskip=\skip42
\bibindent=\dimen102
)
("C:\Users\henrln14\AppData\Local\Programs\MiKTeX 2.9\tex/latex/preview\preview
.sty"
Package: preview 2017/04/24 11.91 (AUCTeX/preview-latex)

("C:\Users\henrln14\AppData\Local\Programs\MiKTeX 2.9\tex/generic/luatex85\luat
ex85.sty"
Package: luatex85 2016/06/15 v1.4 pdftex aliases for luatex
)
("C:\Users\henrln14\AppData\Local\Programs\MiKTeX 2.9\tex/latex/preview\prtight
page.def"
\PreviewBorder=\dimen103
)
\pr@snippet=\count91
\pr@box=\box27
\pr@output=\toks16
))
("C:\Users\henrln14\AppData\Local\Programs\MiKTeX 2.9\tex/generic/babel\babel.s
ty"
Package: babel 2020/01/15 3.38 The Babel package

("C:\Users\henrln14\AppData\Local\Programs\MiKTeX 2.9\tex/generic/babel\switch.
def"
File: switch.def 2020/01/15 3.38 Babel switching mechanism
)
*************************************
* Local config file bblopts.cfg used
*

("C:\Users\henrln14\AppData\Local\Programs\MiKTeX 2.9\tex/latex/arabi\bblopts.c
fg"
File: bblopts.cfg 2005/09/08 v0.1 add Arabic and Farsi to "declared" options of
 babel
)
("C:\Users\henrln14\AppData\Local\Programs\MiKTeX 2.9\tex/latex/babel-english\e
nglish.ldf"
Language: english 2017/06/06 v3.3r English support from the babel system

("C:\Users\henrln14\AppData\Local\Programs\MiKTeX 2.9\tex/generic/babel\babel.d
ef"
File: babel.def 2020/01/15 3.38 Babel common definitions
\babel@savecnt=\count92
\U@D=\dimen104

("C:\Users\henrln14\AppData\Local\Programs\MiKTeX 2.9\tex/generic/babel\txtbabe
l.def")
\bbl@readstream=\read1
\bbl@dirlevel=\count93
)
Package babel Info: \l@canadian = using hyphenrules for english
(babel)             (\language0) on input line 102.
Package babel Info: \l@australian = using hyphenrules for ukenglish
(babel)             (\language72) on input line 105.
Package babel Info: \l@newzealand = using hyphenrules for ukenglish
(babel)             (\language72) on input line 108.
))
("C:\Users\henrln14\AppData\Local\Programs\MiKTeX 2.9\tex/latex/base\inputenc.s
ty"
Package: inputenc 2018/08/11 v1.3c Input encoding file
\inpenc@prehook=\toks17
\inpenc@posthook=\toks18
)
("C:\Users\henrln14\AppData\Local\Programs\MiKTeX 2.9\tex/latex/base\fontenc.st
y"
Package: fontenc 2018/08/11 v2.0j Standard LaTeX package
("C:\Users\henrln14\AppData\Local\Programs\MiKTeX 2.9\tex/latex/base\t1enc.def"
File: t1enc.def 2018/08/11 v2.0j Standard LaTeX file
LaTeX Font Info:    Redeclaring font encoding T1 on input line 48.
))
("C:\Users\henrln14\AppData\Local\Programs\MiKTeX 2.9\tex/latex/amsmath\amsmath
.sty"
Package: amsmath 2019/11/16 v2.17d AMS math features
\@mathmargin=\skip43
For additional information on amsmath, use the `?' option.

("C:\Users\henrln14\AppData\Local\Programs\MiKTeX 2.9\tex/latex/amsmath\amstext
.sty"
Package: amstext 2000/06/29 v2.01 AMS text

("C:\Users\henrln14\AppData\Local\Programs\MiKTeX 2.9\tex/latex/amsmath\amsgen.
sty"
File: amsgen.sty 1999/11/30 v2.0 generic functions
\@emptytoks=\toks19
\ex@=\dimen105
))
("C:\Users\henrln14\AppData\Local\Programs\MiKTeX 2.9\tex/latex/amsmath\amsbsy.
sty"
Package: amsbsy 1999/11/29 v1.2d Bold Symbols
\pmbraise@=\dimen106
)
("C:\Users\henrln14\AppData\Local\Programs\MiKTeX 2.9\tex/latex/amsmath\amsopn.
sty"
Package: amsopn 2016/03/08 v2.02 operator names
)
\inf@bad=\count94
LaTeX Info: Redefining \frac on input line 227.
\uproot@=\count95
\leftroot@=\count96
LaTeX Info: Redefining \overline on input line 389.
\classnum@=\count97
\DOTSCASE@=\count98
LaTeX Info: Redefining \ldots on input line 486.
LaTeX Info: Redefining \dots on input line 489.
LaTeX Info: Redefining \cdots on input line 610.
\Mathstrutbox@=\box28
\strutbox@=\box29
\big@size=\dimen107
LaTeX Font Info:    Redeclaring font encoding OML on input line 733.
LaTeX Font Info:    Redeclaring font encoding OMS on input line 734.
\macc@depth=\count99
\c@MaxMatrixCols=\count100
\dotsspace@=\muskip10
\c@parentequation=\count101
\dspbrk@lvl=\count102
\tag@help=\toks20
\row@=\count103
\column@=\count104
\maxfields@=\count105
\andhelp@=\toks21
\eqnshift@=\dimen108
\alignsep@=\dimen109
\tagshift@=\dimen110
\tagwidth@=\dimen111
\totwidth@=\dimen112
\lineht@=\dimen113
\@envbody=\toks22
\multlinegap=\skip44
\multlinetaggap=\skip45
\mathdisplay@stack=\toks23
LaTeX Info: Redefining \[ on input line 2858.
LaTeX Info: Redefining \] on input line 2859.
)
("C:\Users\henrln14\AppData\Local\Programs\MiKTeX 2.9\tex/latex/amsfonts\amssym
b.sty"
Package: amssymb 2013/01/14 v3.01 AMS font symbols

("C:\Users\henrln14\AppData\Local\Programs\MiKTeX 2.9\tex/latex/amsfonts\amsfon
ts.sty"
Package: amsfonts 2013/01/14 v3.01 Basic AMSFonts support
\symAMSa=\mathgroup4
\symAMSb=\mathgroup5
LaTeX Font Info:    Redeclaring math symbol \hbar on input line 98.
LaTeX Font Info:    Overwriting math alphabet `\mathfrak' in version `bold'
(Font)                  U/euf/m/n --> U/euf/b/n on input line 106.
))
("C:\Users\henrln14\AppData\Local\Programs\MiKTeX 2.9\tex/latex/doublestroke\ds
font.sty"
Package: dsfont 1995/08/01 v0.1 Double stroke roman fonts
)
("C:\Users\henrln14\AppData\Local\Programs\MiKTeX 2.9\tex/latex/setspace\setspa
ce.sty"
Package: setspace 2011/12/19 v6.7a set line spacing
) ("C:\Users\henrln14\AppData\Local\Programs\MiKTeX 2.9\tex/latex/tipa\tipa.sty
"
Package: tipa 2002/08/08 TIPA version 1.1

("C:\Users\henrln14\AppData\Local\Programs\MiKTeX 2.9\tex/latex/base\fontenc.st
y"
Package: fontenc 2018/08/11 v2.0j Standard LaTeX package
("C:\Users\henrln14\AppData\Local\Programs\MiKTeX 2.9\tex/latex/tipa\t3enc.def"
File: t3enc.def 2001/12/31 T3 encoding
Now handling font encoding T3 ...
... no UTF-8 mapping file for font encoding T3
LaTeX Font Info:    Trying to load font information for T1+cmss on input line 3
57.
("C:\Users\henrln14\AppData\Local\Programs\MiKTeX 2.9\tex/latex/base\t1cmss.fd"
File: t1cmss.fd 2014/09/29 v2.5h Standard LaTeX font definitions
)) ("C:\Users\henrln14\AppData\Local\Programs\MiKTeX 2.9\tex/latex/base\t1enc.d
ef"
File: t1enc.def 2018/08/11 v2.0j Standard LaTeX file
LaTeX Font Info:    Redeclaring font encoding T1 on input line 48.
)))
("C:\Users\henrln14\AppData\Local\Programs\MiKTeX 2.9\tex/latex/relsize\relsize
.sty"
Package: relsize 2013/03/29 ver 4.1
)
("C:\Users\henrln14\AppData\Local\Programs\MiKTeX 2.9\tex/latex/base\textcomp.s
ty"
Package: textcomp 2018/08/11 v2.0j Standard LaTeX package
Package textcomp Info: Sub-encoding information:
(textcomp)               5 = only ISO-Adobe without \textcurrency
(textcomp)               4 = 5 + \texteuro
(textcomp)               3 = 4 + \textohm
(textcomp)               2 = 3 + \textestimated + \textcurrency
(textcomp)               1 = TS1 - \textcircled - \t
(textcomp)               0 = TS1 (full)
(textcomp)             Font families with sub-encoding setting implement
(textcomp)             only a restricted character set as indicated.
(textcomp)             Family '?' is the default used for unknown fonts.
(textcomp)             See the documentation for details.
Package textcomp Info: Setting ? sub-encoding to TS1/1 on input line 79.
("C:\Users\henrln14\AppData\Local\Programs\MiKTeX 2.9\tex/latex/base\ts1enc.def
"
File: ts1enc.def 2001/06/05 v3.0e (jk/car/fm) Standard LaTeX file
Now handling font encoding TS1 ...
... processing UTF-8 mapping file for font encoding TS1
("C:\Users\henrln14\AppData\Local\Programs\MiKTeX 2.9\tex/latex/base\ts1enc.dfu
"
File: ts1enc.dfu 2019/07/11 v1.2j UTF-8 support for inputenc
   defining Unicode char U+00A2 (decimal 162)
   defining Unicode char U+00A3 (decimal 163)
   defining Unicode char U+00A4 (decimal 164)
   defining Unicode char U+00A5 (decimal 165)
   defining Unicode char U+00A6 (decimal 166)
   defining Unicode char U+00A7 (decimal 167)
   defining Unicode char U+00A8 (decimal 168)
   defining Unicode char U+00A9 (decimal 169)
   defining Unicode char U+00AA (decimal 170)
   defining Unicode char U+00AC (decimal 172)
   defining Unicode char U+00AE (decimal 174)
   defining Unicode char U+00AF (decimal 175)
   defining Unicode char U+00B0 (decimal 176)
   defining Unicode char U+00B1 (decimal 177)
   defining Unicode char U+00B2 (decimal 178)
   defining Unicode char U+00B3 (decimal 179)
   defining Unicode char U+00B4 (decimal 180)
   defining Unicode char U+00B5 (decimal 181)
   defining Unicode char U+00B6 (decimal 182)
   defining Unicode char U+00B7 (decimal 183)
   defining Unicode char U+00B9 (decimal 185)
   defining Unicode char U+00BA (decimal 186)
   defining Unicode char U+00BC (decimal 188)
   defining Unicode char U+00BD (decimal 189)
   defining Unicode char U+00BE (decimal 190)
   defining Unicode char U+00D7 (decimal 215)
   defining Unicode char U+00F7 (decimal 247)
   defining Unicode char U+0192 (decimal 402)
   defining Unicode char U+02C7 (decimal 711)
   defining Unicode char U+02D8 (decimal 728)
   defining Unicode char U+02DD (decimal 733)
   defining Unicode char U+0E3F (decimal 3647)
   defining Unicode char U+2016 (decimal 8214)
   defining Unicode char U+2020 (decimal 8224)
   defining Unicode char U+2021 (decimal 8225)
   defining Unicode char U+2022 (decimal 8226)
   defining Unicode char U+2030 (decimal 8240)
   defining Unicode char U+2031 (decimal 8241)
   defining Unicode char U+203B (decimal 8251)
   defining Unicode char U+203D (decimal 8253)
   defining Unicode char U+2044 (decimal 8260)
   defining Unicode char U+204E (decimal 8270)
   defining Unicode char U+2052 (decimal 8274)
   defining Unicode char U+20A1 (decimal 8353)
   defining Unicode char U+20A4 (decimal 8356)
   defining Unicode char U+20A6 (decimal 8358)
   defining Unicode char U+20A9 (decimal 8361)
   defining Unicode char U+20AB (decimal 8363)
   defining Unicode char U+20AC (decimal 8364)
   defining Unicode char U+20B1 (decimal 8369)
   defining Unicode char U+2103 (decimal 8451)
   defining Unicode char U+2116 (decimal 8470)
   defining Unicode char U+2117 (decimal 8471)
   defining Unicode char U+211E (decimal 8478)
   defining Unicode char U+2120 (decimal 8480)
   defining Unicode char U+2122 (decimal 8482)
   defining Unicode char U+2126 (decimal 8486)
   defining Unicode char U+2127 (decimal 8487)
   defining Unicode char U+212E (decimal 8494)
   defining Unicode char U+2190 (decimal 8592)
   defining Unicode char U+2191 (decimal 8593)
   defining Unicode char U+2192 (decimal 8594)
   defining Unicode char U+2193 (decimal 8595)
   defining Unicode char U+2329 (decimal 9001)
   defining Unicode char U+232A (decimal 9002)
   defining Unicode char U+2422 (decimal 9250)
   defining Unicode char U+25E6 (decimal 9702)
   defining Unicode char U+25EF (decimal 9711)
   defining Unicode char U+266A (decimal 9834)
   defining Unicode char U+27E8 (decimal 10216)
   defining Unicode char U+27E9 (decimal 10217)
   defining Unicode char U+FEFF (decimal 65279)
))
LaTeX Info: Redefining \oldstylenums on input line 334.
Package textcomp Info: Setting cmr sub-encoding to TS1/0 on input line 349.
Package textcomp Info: Setting cmss sub-encoding to TS1/0 on input line 350.
Package textcomp Info: Setting cmtt sub-encoding to TS1/0 on input line 351.
Package textcomp Info: Setting cmvtt sub-encoding to TS1/0 on input line 352.
Package textcomp Info: Setting cmbr sub-encoding to TS1/0 on input line 353.
Package textcomp Info: Setting cmtl sub-encoding to TS1/0 on input line 354.
Package textcomp Info: Setting ccr sub-encoding to TS1/0 on input line 355.
Package textcomp Info: Setting ptm sub-encoding to TS1/4 on input line 356.
Package textcomp Info: Setting pcr sub-encoding to TS1/4 on input line 357.
Package textcomp Info: Setting phv sub-encoding to TS1/4 on input line 358.
Package textcomp Info: Setting ppl sub-encoding to TS1/3 on input line 359.
Package textcomp Info: Setting pag sub-encoding to TS1/4 on input line 360.
Package textcomp Info: Setting pbk sub-encoding to TS1/4 on input line 361.
Package textcomp Info: Setting pnc sub-encoding to TS1/4 on input line 362.
Package textcomp Info: Setting pzc sub-encoding to TS1/4 on input line 363.
Package textcomp Info: Setting bch sub-encoding to TS1/4 on input line 364.
Package textcomp Info: Setting put sub-encoding to TS1/5 on input line 365.
Package textcomp Info: Setting uag sub-encoding to TS1/5 on input line 366.
Package textcomp Info: Setting ugq sub-encoding to TS1/5 on input line 367.
Package textcomp Info: Setting ul8 sub-encoding to TS1/4 on input line 368.
Package textcomp Info: Setting ul9 sub-encoding to TS1/4 on input line 369.
Package textcomp Info: Setting augie sub-encoding to TS1/5 on input line 370.
Package textcomp Info: Setting dayrom sub-encoding to TS1/3 on input line 371.
Package textcomp Info: Setting dayroms sub-encoding to TS1/3 on input line 372.

Package textcomp Info: Setting pxr sub-encoding to TS1/0 on input line 373.
Package textcomp Info: Setting pxss sub-encoding to TS1/0 on input line 374.
Package textcomp Info: Setting pxtt sub-encoding to TS1/0 on input line 375.
Package textcomp Info: Setting txr sub-encoding to TS1/0 on input line 376.
Package textcomp Info: Setting txss sub-encoding to TS1/0 on input line 377.
Package textcomp Info: Setting txtt sub-encoding to TS1/0 on input line 378.
Package textcomp Info: Setting lmr sub-encoding to TS1/0 on input line 379.
Package textcomp Info: Setting lmdh sub-encoding to TS1/0 on input line 380.
Package textcomp Info: Setting lmss sub-encoding to TS1/0 on input line 381.
Package textcomp Info: Setting lmssq sub-encoding to TS1/0 on input line 382.
Package textcomp Info: Setting lmvtt sub-encoding to TS1/0 on input line 383.
Package textcomp Info: Setting lmtt sub-encoding to TS1/0 on input line 384.
Package textcomp Info: Setting qhv sub-encoding to TS1/0 on input line 385.
Package textcomp Info: Setting qag sub-encoding to TS1/0 on input line 386.
Package textcomp Info: Setting qbk sub-encoding to TS1/0 on input line 387.
Package textcomp Info: Setting qcr sub-encoding to TS1/0 on input line 388.
Package textcomp Info: Setting qcs sub-encoding to TS1/0 on input line 389.
Package textcomp Info: Setting qpl sub-encoding to TS1/0 on input line 390.
Package textcomp Info: Setting qtm sub-encoding to TS1/0 on input line 391.
Package textcomp Info: Setting qzc sub-encoding to TS1/0 on input line 392.
Package textcomp Info: Setting qhvc sub-encoding to TS1/0 on input line 393.
Package textcomp Info: Setting futs sub-encoding to TS1/4 on input line 394.
Package textcomp Info: Setting futx sub-encoding to TS1/4 on input line 395.
Package textcomp Info: Setting futj sub-encoding to TS1/4 on input line 396.
Package textcomp Info: Setting hlh sub-encoding to TS1/3 on input line 397.
Package textcomp Info: Setting hls sub-encoding to TS1/3 on input line 398.
Package textcomp Info: Setting hlst sub-encoding to TS1/3 on input line 399.
Package textcomp Info: Setting hlct sub-encoding to TS1/5 on input line 400.
Package textcomp Info: Setting hlx sub-encoding to TS1/5 on input line 401.
Package textcomp Info: Setting hlce sub-encoding to TS1/5 on input line 402.
Package textcomp Info: Setting hlcn sub-encoding to TS1/5 on input line 403.
Package textcomp Info: Setting hlcw sub-encoding to TS1/5 on input line 404.
Package textcomp Info: Setting hlcf sub-encoding to TS1/5 on input line 405.
Package textcomp Info: Setting pplx sub-encoding to TS1/3 on input line 406.
Package textcomp Info: Setting pplj sub-encoding to TS1/3 on input line 407.
Package textcomp Info: Setting ptmx sub-encoding to TS1/4 on input line 408.
Package textcomp Info: Setting ptmj sub-encoding to TS1/4 on input line 409.
)
("C:\Users\henrln14\AppData\Local\Programs\MiKTeX 2.9\tex/latex/jknappen\mathrs
fs.sty"
Package: mathrsfs 1996/01/01 Math RSFS package v1.0 (jk)
\symrsfs=\mathgroup6
)
("C:\Users\henrln14\AppData\Local\Programs\MiKTeX 2.9\tex/latex/fundus-calligra
\calligra.sty"
Package: calligra 2012/04/10 v1.9 LaTeX package calligra
)
("C:\Users\henrln14\AppData\Local\Programs\MiKTeX 2.9\tex/latex/wasysym\wasysym
.sty"
Package: wasysym 2020/01/19 v2.4 Wasy-2 symbol support package
\symwasy=\mathgroup7
LaTeX Font Info:    Overwriting symbol font `wasy' in version `bold'
(Font)                  U/wasy/m/n --> U/wasy/b/n on input line 93.
)
("C:\Users\henrln14\AppData\Local\Programs\MiKTeX 2.9\tex/latex/ragged2e\ragged
2e.sty"
Package: ragged2e 2019/07/28 v2.2 ragged2e Package (MS)
("C:\Users\henrln14\AppData\Local\Programs\MiKTeX 2.9\tex/latex/ms\everysel.sty
"
Package: everysel 2011/10/28 v1.2 EverySelectfont Package (MS)
)
\CenteringLeftskip=\skip46
\RaggedLeftLeftskip=\skip47
\RaggedRightLeftskip=\skip48
\CenteringRightskip=\skip49
\RaggedLeftRightskip=\skip50
\RaggedRightRightskip=\skip51
\CenteringParfillskip=\skip52
\RaggedLeftParfillskip=\skip53
\RaggedRightParfillskip=\skip54
\JustifyingParfillskip=\skip55
\CenteringParindent=\skip56
\RaggedLeftParindent=\skip57
\RaggedRightParindent=\skip58
\JustifyingParindent=\skip59
)
("C:\Users\henrln14\AppData\Local\Programs\MiKTeX 2.9\tex/latex/physics\physics
.sty"
Package: physics 

("C:\Users\henrln14\AppData\Local\Programs\MiKTeX 2.9\tex/latex/l3packages/xpar
se\xparse.sty"
("C:\Users\henrln14\AppData\Local\Programs\MiKTeX 2.9\tex/latex/l3kernel\expl3.
sty"
Package: expl3 2020-01-22 L3 programming layer (loader) 

("C:\Users\henrln14\AppData\Local\Programs\MiKTeX 2.9\tex/latex/l3kernel\expl3-
code.tex"
Package: expl3 2020-01-22 L3 programming layer (code)
\c_max_int=\count106
\l_tmpa_int=\count107
\l_tmpb_int=\count108
\g_tmpa_int=\count109
\g_tmpb_int=\count110
\l__seq_internal_a_int=\count111
\l__seq_internal_b_int=\count112
\g__kernel_prg_map_int=\count113
\c__ior_term_noprompt_ior=\count114
\c_log_iow=\count115
\l_iow_line_count_int=\count116
\l__iow_line_target_int=\count117
\l__iow_one_indent_int=\count118
\l__iow_indent_int=\count119
\c_zero_dim=\dimen114
\c_max_dim=\dimen115
\l_tmpa_dim=\dimen116
\l_tmpb_dim=\dimen117
\g_tmpa_dim=\dimen118
\g_tmpb_dim=\dimen119
\c_zero_skip=\skip60
\c_max_skip=\skip61
\l_tmpa_skip=\skip62
\l_tmpb_skip=\skip63
\g_tmpa_skip=\skip64
\g_tmpb_skip=\skip65
\c_zero_muskip=\muskip11
\c_max_muskip=\muskip12
\l_tmpa_muskip=\muskip13
\l_tmpb_muskip=\muskip14
\g_tmpa_muskip=\muskip15
\g_tmpb_muskip=\muskip16
\l_keys_choice_int=\count120
\l__intarray_loop_int=\count121
\c__intarray_sp_dim=\dimen120
\g__intarray_font_int=\count122
\c__fp_leading_shift_int=\count123
\c__fp_middle_shift_int=\count124
\c__fp_trailing_shift_int=\count125
\c__fp_big_leading_shift_int=\count126
\c__fp_big_middle_shift_int=\count127
\c__fp_big_trailing_shift_int=\count128
\c__fp_Bigg_leading_shift_int=\count129
\c__fp_Bigg_middle_shift_int=\count130
\c__fp_Bigg_trailing_shift_int=\count131
\c__kernel_randint_max_int=\count132
\g__fp_array_int=\count133
\l__fp_array_loop_int=\count134
\l__sort_length_int=\count135
\l__sort_min_int=\count136
\l__sort_top_int=\count137
\l__sort_max_int=\count138
\l__sort_true_max_int=\count139
\l__sort_block_int=\count140
\l__sort_begin_int=\count141
\l__sort_end_int=\count142
\l__sort_A_int=\count143
\l__sort_B_int=\count144
\l__sort_C_int=\count145
\l__str_internal_int=\count146
\c__str_replacement_char_int=\count147
\l__tl_analysis_normal_int=\count148
\l__tl_analysis_index_int=\count149
\l__tl_analysis_nesting_int=\count150
\l__tl_analysis_type_int=\count151
\l__regex_internal_a_int=\count152
\l__regex_internal_b_int=\count153
\l__regex_internal_c_int=\count154
\l__regex_balance_int=\count155
\l__regex_group_level_int=\count156
\l__regex_mode_int=\count157
\c__regex_cs_in_class_mode_int=\count158
\c__regex_cs_mode_int=\count159
\l__regex_catcodes_int=\count160
\l__regex_default_catcodes_int=\count161
\c__regex_catcode_D_int=\count162
\c__regex_catcode_S_int=\count163
\c__regex_catcode_L_int=\count164
\c__regex_catcode_O_int=\count165
\c__regex_catcode_A_int=\count166
\c__regex_all_catcodes_int=\count167
\l__regex_show_lines_int=\count168
\l__regex_min_state_int=\count169
\l__regex_max_state_int=\count170
\l__regex_left_state_int=\count171
\l__regex_right_state_int=\count172
\l__regex_capturing_group_int=\count173
\l__regex_min_pos_int=\count174
\l__regex_max_pos_int=\count175
\l__regex_curr_pos_int=\count176
\l__regex_start_pos_int=\count177
\l__regex_success_pos_int=\count178
\l__regex_curr_char_int=\count179
\l__regex_curr_catcode_int=\count180
\l__regex_last_char_int=\count181
\l__regex_case_changed_char_int=\count182
\l__regex_curr_state_int=\count183
\l__regex_step_int=\count184
\l__regex_min_active_int=\count185
\l__regex_max_active_int=\count186
\l__regex_replacement_csnames_int=\count187
\l__regex_match_count_int=\count188
\l__regex_min_submatch_int=\count189
\l__regex_submatch_int=\count190
\l__regex_zeroth_submatch_int=\count191
\g__regex_trace_regex_int=\count192
\c_empty_box=\box30
\l_tmpa_box=\box31
\l_tmpb_box=\box32
\g_tmpa_box=\box33
\g_tmpb_box=\box34
\l__box_top_dim=\dimen121
\l__box_bottom_dim=\dimen122
\l__box_left_dim=\dimen123
\l__box_right_dim=\dimen124
\l__box_top_new_dim=\dimen125
\l__box_bottom_new_dim=\dimen126
\l__box_left_new_dim=\dimen127
\l__box_right_new_dim=\dimen128
\l__box_internal_box=\box35
\l__coffin_internal_box=\box36
\l__coffin_internal_dim=\dimen129
\l__coffin_offset_x_dim=\dimen130
\l__coffin_offset_y_dim=\dimen131
\l__coffin_x_dim=\dimen132
\l__coffin_y_dim=\dimen133
\l__coffin_x_prime_dim=\dimen134
\l__coffin_y_prime_dim=\dimen135
\c_empty_coffin=\box37
\l__coffin_aligned_coffin=\box38
\l__coffin_aligned_internal_coffin=\box39
\l_tmpa_coffin=\box40
\l_tmpb_coffin=\box41
\g_tmpa_coffin=\box42
\g_tmpb_coffin=\box43
\l__coffin_bounding_shift_dim=\dimen136
\l__coffin_left_corner_dim=\dimen137
\l__coffin_right_corner_dim=\dimen138
\l__coffin_bottom_corner_dim=\dimen139
\l__coffin_top_corner_dim=\dimen140
\l__coffin_scaled_total_height_dim=\dimen141
\l__coffin_scaled_width_dim=\dimen142
\c__coffin_empty_coffin=\box44
\l__coffin_display_coffin=\box45
\l__coffin_display_coord_coffin=\box46
\l__coffin_display_pole_coffin=\box47
\l__coffin_display_offset_dim=\dimen143
\l__coffin_display_x_dim=\dimen144
\l__coffin_display_y_dim=\dimen145
\g__char_data_ior=\read2

("C:\Users\henrln14\AppData\Local\Programs\MiKTeX 2.9\tex/latex/l3kernel\l3depr
ecation.def"
File: l3deprecation.def 2019-04-06 v L3 Deprecated functions
))
("C:\Users\henrln14\AppData\Local\Programs\MiKTeX 2.9\tex/latex/l3backend\l3bac
kend-dvips.def"
File: l3backend-dvips.def 2019-04-06 L3 backend support: dvips
\l__pdf_internal_box=\box48
\g__pdf_backend_object_int=\count193
\l__pdf_backend_content_box=\box49
\l__pdf_backend_model_box=\box50
\g__pdf_backend_annotation_int=\count194
\g__pdf_backend_link_int=\count195
\g__pdf_backend_link_sf_int=\count196
))
Package: xparse 2020-01-12 L3 Experimental document command parser
\l__xparse_current_arg_int=\count197
\g__xparse_grabber_int=\count198
\l__xparse_m_args_int=\count199
\l__xparse_v_nesting_int=\count266
))
("C:\Users\henrln14\AppData\Local\Programs\MiKTeX 2.9\tex/latex/xcolor\xcolor.s
ty"
Package: xcolor 2016/05/11 v2.12 LaTeX color extensions (UK)

("C:\Users\henrln14\AppData\Local\Programs\MiKTeX 2.9\tex/latex/graphics-cfg\co
lor.cfg"
File: color.cfg 2016/01/02 v1.6 sample color configuration
)
Package xcolor Info: Driver file: dvips.def on input line 225.

("C:\Users\henrln14\AppData\Local\Programs\MiKTeX 2.9\tex/latex/graphics-def\dv
ips.def"
File: dvips.def 2017/06/20 v3.1d Graphics/color driver for dvips
)
Package xcolor Info: Model `cmy' substituted by `cmy0' on input line 1348.
Package xcolor Info: Model `RGB' extended on input line 1364.
Package xcolor Info: Model `HTML' substituted by `rgb' on input line 1366.
Package xcolor Info: Model `Hsb' substituted by `hsb' on input line 1367.
Package xcolor Info: Model `tHsb' substituted by `hsb' on input line 1368.
Package xcolor Info: Model `HSB' substituted by `hsb' on input line 1369.
Package xcolor Info: Model `Gray' substituted by `gray' on input line 1370.
Package xcolor Info: Model `wave' substituted by `hsb' on input line 1371.
)
("C:\Users\henrln14\AppData\Local\Programs\MiKTeX 2.9\tex/latex/microtype\micro
type.sty"
Package: microtype 2019/11/18 v2.7d Micro-typographical refinements (RS)
\MT@toks=\toks24
\MT@count=\count267
LaTeX Info: Redefining \textls on input line 790.
\MT@outer@kern=\dimen146
LaTeX Info: Redefining \textmicrotypecontext on input line 1354.
\MT@listname@count=\count268

("C:\Users\henrln14\AppData\Local\Programs\MiKTeX 2.9\tex/latex/microtype\micro
type-pdftex.def"
File: microtype-pdftex.def 2019/11/18 v2.7d Definitions specific to pdftex (RS)

LaTeX Info: Redefining \lsstyle on input line 914.
LaTeX Info: Redefining \lslig on input line 914.
\MT@outer@space=\skip66
)
Package microtype Info: Loading configuration file microtype.cfg.

("C:\Users\henrln14\AppData\Local\Programs\MiKTeX 2.9\tex/latex/microtype\micro
type.cfg"
File: microtype.cfg 2019/11/18 v2.7d microtype main configuration file (RS)
))
No file 0bce26208ea7cbd0.aux.
\openout1 = `0bce26208ea7cbd0.aux'.

LaTeX Font Info:    Checking defaults for OML/cmm/m/it on input line 23.
LaTeX Font Info:    ... okay on input line 23.
LaTeX Font Info:    Checking defaults for T1/cmr/m/n on input line 23.
LaTeX Font Info:    ... okay on input line 23.
LaTeX Font Info:    Checking defaults for OT1/cmr/m/n on input line 23.
LaTeX Font Info:    ... okay on input line 23.
LaTeX Font Info:    Checking defaults for OMS/cmsy/m/n on input line 23.
LaTeX Font Info:    ... okay on input line 23.
LaTeX Font Info:    Checking defaults for OMX/cmex/m/n on input line 23.
LaTeX Font Info:    ... okay on input line 23.
LaTeX Font Info:    Checking defaults for U/cmr/m/n on input line 23.
LaTeX Font Info:    ... okay on input line 23.
LaTeX Font Info:    Checking defaults for T3/cmr/m/n on input line 23.
LaTeX Font Info:    Trying to load font information for T3+cmr on input line 23
.
("C:\Users\henrln14\AppData\Local\Programs\MiKTeX 2.9\tex/latex/tipa\t3cmr.fd"
File: t3cmr.fd 2001/12/31 TIPA font definitions
)
LaTeX Font Info:    ... okay on input line 23.
LaTeX Font Info:    Checking defaults for TS1/cmr/m/n on input line 23.
LaTeX Font Info:    Trying to load font information for TS1+cmr on input line 2
3.
("C:\Users\henrln14\AppData\Local\Programs\MiKTeX 2.9\tex/latex/base\ts1cmr.fd"
File: ts1cmr.fd 2014/09/29 v2.5h Standard LaTeX font definitions
)
LaTeX Font Info:    ... okay on input line 23.
Preview: Fontsize 10pt
ABD: EverySelectfont initializing macros
LaTeX Info: Redefining \selectfont on input line 23.
LaTeX Info: Redefining \microtypecontext on input line 23.
Package microtype Info: Generating DVI output.
Package microtype Info: Character protrusion enabled (level 2).
Package microtype Info: Using default protrusion set `alltext'.
Package microtype Info: No font expansion.
Package microtype Info: No adjustment of tracking.
Package microtype Info: No adjustment of interword spacing.
Package microtype Info: No adjustment of character kerning.

("C:\Users\henrln14\AppData\Local\Programs\MiKTeX 2.9\tex/latex/microtype\mt-cm
r.cfg"
File: mt-cmr.cfg 2013/05/19 v2.2 microtype config. file: Computer Modern Roman 
(RS)
)
LaTeX Font Info:    Trying to load font information for U+msa on input line 25.


("C:\Users\henrln14\AppData\Local\Programs\MiKTeX 2.9\tex/latex/amsfonts\umsa.f
d"
File: umsa.fd 2013/01/14 v3.01 AMS symbols A
)
("C:\Users\henrln14\AppData\Local\Programs\MiKTeX 2.9\tex/latex/microtype\mt-ms
a.cfg"
File: mt-msa.cfg 2006/02/04 v1.1 microtype config. file: AMS symbols (a) (RS)
)
LaTeX Font Info:    Trying to load font information for U+msb on input line 25.


("C:\Users\henrln14\AppData\Local\Programs\MiKTeX 2.9\tex/latex/amsfonts\umsb.f
d"
File: umsb.fd 2013/01/14 v3.01 AMS symbols B
)
("C:\Users\henrln14\AppData\Local\Programs\MiKTeX 2.9\tex/latex/microtype\mt-ms
b.cfg"
File: mt-msb.cfg 2005/06/01 v1.0 microtype config. file: AMS symbols (b) (RS)
)
LaTeX Font Info:    Trying to load font information for U+rsfs on input line 25
.

("C:\Users\henrln14\AppData\Local\Programs\MiKTeX 2.9\tex/latex/jknappen\ursfs.
fd"
File: ursfs.fd 1998/03/24 rsfs font definition file (jk)
)
LaTeX Font Info:    Trying to load font information for U+wasy on input line 25
.

("C:\Users\henrln14\AppData\Local\Programs\MiKTeX 2.9\tex/latex/wasysym\uwasy.f
d"
File: uwasy.fd 2020/01/19 v2.4 Wasy-2 symbol font definitions
)
Preview: Tightpage 0 0 0 0
[1] (C:\Users\henrln14\Documents\manim_ce\media\Tex\0bce26208ea7cbd0.aux) ) 
Here is how much of TeX's memory you used:
 17532 strings out of 492483
 309562 string characters out of 3120241
 385648 words of memory out of 3000000
 21725 multiletter control sequences out of 15000+200000
 538995 words of font info for 43 fonts, out of 3000000 for 9000
 1141 hyphenation exceptions out of 8191
 52i,9n,71p,354b,319s stack positions out of 5000i,500n,10000p,200000b,50000s

Output written on C:\Users\henrln14\Documents\manim_ce\media\Tex\0bce26208ea7cb
d0.dvi (1 page, 1616 bytes).
